<?xml version="1.0" encoding="UTF-8"?>
<testsuite name="TaylorMade-android-GT-I9300"
           tests="5"
           failures="1"
           errors="0"
           skipped="4"
           time="0.000">
  <properties />
            <testcase name="beforeTest" time="0.000" classname="com.appium.project.scripts.Verifyshiptodropdown">
                <failure type="org.openqa.selenium.WebDriverException"
                  message="Not yet implemented. Please help us: http://appium.io/get-involved.html (WARNING: The server did not provide any stacktrace information)
Command duration or timeout: 4 milliseconds
Build info: version: &apos;2.43.1&apos;, revision: &apos;5163bceef1bc36d43f3dc0b83c88998168a363a0&apos;, time: &apos;2014-09-10 09:43:55&apos;
System info: host: &apos;HW1544&apos;, ip: &apos;172.16.28.78&apos;, os.name: &apos;Windows 7&apos;, os.arch: &apos;amd64&apos;, os.version: &apos;6.1&apos;, java.version: &apos;1.8.0_65&apos;
Driver info: io.appium.java_client.android.AndroidDriver
Capabilities [{appPackage=com.lifedash.caresync, app=C:\\Users\\in01507\\Desktop\\care.apk, rotatable=true, networkConnectionEnabled=true, warnings={}, databaseEnabled=false, deviceName=4be5c482, platform=LINUX, appActivity=false, desired={appPackage=com.lifedash.caresync, appActivity=false, app=C:\\Users\\in01507\\Desktop\\care.apk, rotatable=true, newCommandTimeout=300000, platformVersion=4.4, automationName=Appium, platformName=Android, deviceName=Samsung}, newCommandTimeout=300000, platformVersion=5.0.1, webStorageEnabled=false, locationContextEnabled=false, automationName=Appium, browserName=Android, takesScreenshot=true, javascriptEnabled=true, platformName=Android}]
Session ID: 649b105f-5a2f-450d-b0ce-fb26d8260f49"
              >
<![CDATA[org.openqa.selenium.WebDriverException: Not yet implemented. Please help us: http://appium.io/get-involved.html (WARNING: The server did not provide any stacktrace information)
Command duration or timeout: 4 milliseconds
Build info: version: '2.43.1', revision: '5163bceef1bc36d43f3dc0b83c88998168a363a0', time: '2014-09-10 09:43:55'
System info: host: 'HW1544', ip: '172.16.28.78', os.name: 'Windows 7', os.arch: 'amd64', os.version: '6.1', java.version: '1.8.0_65'
Driver info: io.appium.java_client.android.AndroidDriver
Capabilities [{appPackage=com.lifedash.caresync, app=C:\\Users\\in01507\\Desktop\\care.apk, rotatable=true, networkConnectionEnabled=true, warnings={}, databaseEnabled=false, deviceName=4be5c482, platform=LINUX, appActivity=false, desired={appPackage=com.lifedash.caresync, appActivity=false, app=C:\\Users\\in01507\\Desktop\\care.apk, rotatable=true, newCommandTimeout=300000, platformVersion=4.4, automationName=Appium, platformName=Android, deviceName=Samsung}, newCommandTimeout=300000, platformVersion=5.0.1, webStorageEnabled=false, locationContextEnabled=false, automationName=Appium, browserName=Android, takesScreenshot=true, javascriptEnabled=true, platformName=Android}]
Session ID: 649b105f-5a2f-450d-b0ce-fb26d8260f49
  sun.reflect.NativeConstructorAccessorImpl.newInstance0(Native Method)
  sun.reflect.NativeConstructorAccessorImpl.newInstance(Unknown Source)
  sun.reflect.DelegatingConstructorAccessorImpl.newInstance(Unknown Source)
  java.lang.reflect.Constructor.newInstance(Unknown Source)
  org.openqa.selenium.remote.ErrorHandler.createThrowable(ErrorHandler.java:204)
  org.openqa.selenium.remote.ErrorHandler.throwIfResponseFailed(ErrorHandler.java:156)
  org.openqa.selenium.remote.RemoteWebDriver.execute(RemoteWebDriver.java:599)
  io.appium.java_client.AppiumDriver.execute(AppiumDriver.java:180)
  org.openqa.selenium.remote.RemoteWebDriver.get(RemoteWebDriver.java:304)
  com.automation.accelerators.TestEngine.beforeTest(TestEngine.java:82)
  sun.reflect.NativeMethodAccessorImpl.invoke0(Native Method)
  sun.reflect.NativeMethodAccessorImpl.invoke(Unknown Source)
  sun.reflect.DelegatingMethodAccessorImpl.invoke(Unknown Source)
  java.lang.reflect.Method.invoke(Unknown Source)
  org.testng.internal.MethodInvocationHelper.invokeMethod(MethodInvocationHelper.java:85)
  org.testng.internal.Invoker.invokeConfigurationMethod(Invoker.java:510)
  org.testng.internal.Invoker.invokeConfigurations(Invoker.java:211)
  org.testng.internal.Invoker.invokeConfigurations(Invoker.java:138)
  org.testng.TestRunner.beforeRun(TestRunner.java:647)
  org.testng.TestRunner.run(TestRunner.java:615)
  org.testng.SuiteRunner.runTest(SuiteRunner.java:357)
  org.testng.SuiteRunner.access$000(SuiteRunner.java:39)
  org.testng.SuiteRunner$SuiteWorker.run(SuiteRunner.java:391)
  org.testng.internal.thread.ThreadUtil$2.call(ThreadUtil.java:64)
  java.util.concurrent.FutureTask.run(Unknown Source)
  java.util.concurrent.ThreadPoolExecutor.runWorker(Unknown Source)
  java.util.concurrent.ThreadPoolExecutor$Worker.run(Unknown Source)
  java.lang.Thread.run(Unknown Source)
]]>
      </failure>

          </testcase>
  
            <testcase name="beforeMethod" time="0.0" classname="com.appium.project.scripts.Verifyshiptodropdown">
          <skipped />
    </testcase>
            <testcase name="afterMethod" time="0.0" classname="com.appium.project.scripts.Verifyshiptodropdown">
          <skipped />
    </testcase>
            <testcase name="afterTest" time="0.0" classname="com.appium.project.scripts.Verifyshiptodropdown">
          <skipped />
    </testcase>
            <testcase name="Add_Product_To_Basket" time="0.0" classname="com.appium.project.scripts.Verifyshiptodropdown">
          <skipped />
    </testcase>
  
  
</testsuite>
