<?xml version="1.0" encoding="UTF-8"?>
<!-- Generated by org.testng.reporters.JUnitReportReporter -->
<testsuite hostname="HW1544" name="com.appium.project.scripts.Verifyshiptodropdown" tests="1" failures="0" timestamp="11 Jan 2016 10:11:38 GMT" time="0.000" errors="1">
  <testcase name="Add_Product_To_Basket" time="0.000" classname="com.appium.project.scripts.Verifyshiptodropdown">
    <error type="org.openqa.selenium.WebDriverException" message="Not yet implemented. Please help us: http://appium.io/get-involved.html (WARNING: The server did not provide any stacktrace information)
Command duration or timeout: 4 milliseconds
Build info: version: &#039;2.43.1&#039;, revision: &#039;5163bceef1bc36d43f3dc0b83c88998168a363a0&#039;, time: &#039;2014-09-10 09:43:55&#039;
System info: host: &#039;HW1544&#039;, ip: &#039;172.16.28.78&#039;, os.name: &#039;Windows 7&#039;, os.arch: &#039;amd64&#039;, os.version: &#039;6.1&#039;, java.version: &#039;1.8.0_65&#039;
Driver info: io.appium.java_client.android.AndroidDriver
Capabilities [{appPackage=com.lifedash.caresync, app=C:\\Users\\in01507\\Desktop\\care.apk, rotatable=true, networkConnectionEnabled=true, warnings={}, databaseEnabled=false, deviceName=4be5c482, platform=LINUX, appActivity=false, desired={appPackage=com.lifedash.caresync, appActivity=false, app=C:\\Users\\in01507\\Desktop\\care.apk, rotatable=true, newCommandTimeout=300000, platformVersion=4.4, automationName=Appium, platformName=Android, deviceName=Samsung}, newCommandTimeout=300000, platformVersion=5.0.1, webStorageEnabled=false, locationContextEnabled=false, automationName=Appium, browserName=Android, takesScreenshot=true, javascriptEnabled=true, platformName=Android}]
Session ID: 649b105f-5a2f-450d-b0ce-fb26d8260f49">
      <![CDATA[org.openqa.selenium.WebDriverException: Not yet implemented. Please help us: http://appium.io/get-involved.html (WARNING: The server did not provide any stacktrace information)
Command duration or timeout: 4 milliseconds
Build info: version: '2.43.1', revision: '5163bceef1bc36d43f3dc0b83c88998168a363a0', time: '2014-09-10 09:43:55'
System info: host: 'HW1544', ip: '172.16.28.78', os.name: 'Windows 7', os.arch: 'amd64', os.version: '6.1', java.version: '1.8.0_65'
Driver info: io.appium.java_client.android.AndroidDriver
Capabilities [{appPackage=com.lifedash.caresync, app=C:\\Users\\in01507\\Desktop\\care.apk, rotatable=true, networkConnectionEnabled=true, warnings={}, databaseEnabled=false, deviceName=4be5c482, platform=LINUX, appActivity=false, desired={appPackage=com.lifedash.caresync, appActivity=false, app=C:\\Users\\in01507\\Desktop\\care.apk, rotatable=true, newCommandTimeout=300000, platformVersion=4.4, automationName=Appium, platformName=Android, deviceName=Samsung}, newCommandTimeout=300000, platformVersion=5.0.1, webStorageEnabled=false, locationContextEnabled=false, automationName=Appium, browserName=Android, takesScreenshot=true, javascriptEnabled=true, platformName=Android}]
Session ID: 649b105f-5a2f-450d-b0ce-fb26d8260f49
	at sun.reflect.NativeConstructorAccessorImpl.newInstance0(Native Method)
	at sun.reflect.NativeConstructorAccessorImpl.newInstance(Unknown Source)
	at sun.reflect.DelegatingConstructorAccessorImpl.newInstance(Unknown Source)
	at java.lang.reflect.Constructor.newInstance(Unknown Source)
	at org.openqa.selenium.remote.ErrorHandler.createThrowable(ErrorHandler.java:204)
	at org.openqa.selenium.remote.ErrorHandler.throwIfResponseFailed(ErrorHandler.java:156)
	at org.openqa.selenium.remote.RemoteWebDriver.execute(RemoteWebDriver.java:599)
	at io.appium.java_client.AppiumDriver.execute(AppiumDriver.java:180)
	at org.openqa.selenium.remote.RemoteWebDriver.get(RemoteWebDriver.java:304)
	at com.automation.accelerators.TestEngine.beforeTest(TestEngine.java:82)
	at sun.reflect.NativeMethodAccessorImpl.invoke0(Native Method)
	at sun.reflect.NativeMethodAccessorImpl.invoke(Unknown Source)
	at sun.reflect.DelegatingMethodAccessorImpl.invoke(Unknown Source)
	at java.lang.reflect.Method.invoke(Unknown Source)
	at org.testng.internal.MethodInvocationHelper.invokeMethod(MethodInvocationHelper.java:85)
	at org.testng.internal.Invoker.invokeConfigurationMethod(Invoker.java:510)
	at org.testng.internal.Invoker.invokeConfigurations(Invoker.java:211)
	at org.testng.internal.Invoker.invokeConfigurations(Invoker.java:138)
	at org.testng.TestRunner.beforeRun(TestRunner.java:647)
	at org.testng.TestRunner.run(TestRunner.java:615)
	at org.testng.SuiteRunner.runTest(SuiteRunner.java:357)
	at org.testng.SuiteRunner.access$000(SuiteRunner.java:39)
	at org.testng.SuiteRunner$SuiteWorker.run(SuiteRunner.java:391)
	at org.testng.internal.thread.ThreadUtil$2.call(ThreadUtil.java:64)
	at java.util.concurrent.FutureTask.run(Unknown Source)
	at java.util.concurrent.ThreadPoolExecutor.runWorker(Unknown Source)
	at java.util.concurrent.ThreadPoolExecutor$Worker.run(Unknown Source)
	at java.lang.Thread.run(Unknown Source)
]]>
    </error>
  </testcase> <!-- Add_Product_To_Basket -->
</testsuite> <!-- com.appium.project.scripts.Verifyshiptodropdown -->
